<?xml version="1.0" encoding="UTF-8"?>
<coverage generated="1727897431229" clover="3.2.0">
  <project timestamp="1727897431229" name="All files">
    <metrics statements="10" coveredstatements="10" conditionals="3" coveredconditionals="3" methods="4" coveredmethods="4" elements="17" coveredelements="17" complexity="0" loc="10" ncloc="10" packages="2" files="2" classes="2"/>
    <package name="entities">
      <metrics statements="4" coveredstatements="4" conditionals="2" coveredconditionals="2" methods="2" coveredmethods="2"/>
      <file name="user.ts" path="/Users/tarciorocha/Documents/study/mmd-guilda-tdd/src/domain/entities/user.ts">
        <metrics statements="4" coveredstatements="4" conditionals="2" coveredconditionals="2" methods="2" coveredmethods="2"/>
        <line num="3" count="1" type="stmt"/>
        <line num="8" count="12" type="stmt"/>
        <line num="9" count="12" type="stmt"/>
        <line num="13" count="7" type="cond" truecount="2" falsecount="0"/>
      </file>
    </package>
    <package name="use-cases">
      <metrics statements="6" coveredstatements="6" conditionals="1" coveredconditionals="1" methods="2" coveredmethods="2"/>
      <file name="cancel-order.use-case.ts" path="/Users/tarciorocha/Documents/study/mmd-guilda-tdd/src/domain/use-cases/cancel-order.use-case.ts">
        <metrics statements="6" coveredstatements="6" conditionals="1" coveredconditionals="1" methods="2" coveredmethods="2"/>
        <line num="4" count="1" type="stmt"/>
        <line num="6" count="8" type="stmt"/>
        <line num="7" count="8" type="stmt"/>
        <line num="11" count="8" type="stmt"/>
        <line num="12" count="8" type="cond" truecount="1" falsecount="0"/>
        <line num="13" count="5" type="stmt"/>
      </file>
    </package>
  </project>
</coverage>
