{"/Users/tarciorocha/Documents/study/mmd-guilda-tdd/src/application/controllers/cancel-order.controller.ts": {"path":"/Users/tarciorocha/Documents/study/mmd-guilda-tdd/src/application/controllers/cancel-order.controller.ts","statementMap":{"0":{"start":{"line":4,"column":31},"end":{"line":4,"column":47}},"1":{"start":{"line":7,"column":4},"end":{"line":36,"column":5}},"2":{"start":{"line":8,"column":6},"end":{"line":15,"column":7}},"3":{"start":{"line":9,"column":8},"end":{"line":14,"column":null}},"4":{"start":{"line":16,"column":6},"end":{"line":23,"column":7}},"5":{"start":{"line":17,"column":8},"end":{"line":22,"column":null}},"6":{"start":{"line":24,"column":6},"end":{"line":24,"column":83}},"7":{"start":{"line":25,"column":6},"end":{"line":28,"column":null}},"8":{"start":{"line":30,"column":6},"end":{"line":35,"column":null}},"9":{"start":{"line":3,"column":0},"end":{"line":3,"column":13}}},"fnMap":{"0":{"name":"(anonymous_0)","decl":{"start":{"line":4,"column":2},"end":{"line":4,"column":31}},"loc":{"start":{"line":4,"column":47},"end":{"line":4,"column":51}}},"1":{"name":"(anonymous_1)","decl":{"start":{"line":6,"column":2},"end":{"line":6,"column":7}},"loc":{"start":{"line":6,"column":58},"end":{"line":37,"column":3}}}},"branchMap":{"0":{"loc":{"start":{"line":8,"column":6},"end":{"line":15,"column":7}},"type":"if","locations":[{"start":{"line":8,"column":6},"end":{"line":15,"column":7}}]},"1":{"loc":{"start":{"line":8,"column":10},"end":{"line":8,"column":84}},"type":"binary-expr","locations":[{"start":{"line":8,"column":10},"end":{"line":8,"column":31}},{"start":{"line":8,"column":35},"end":{"line":8,"column":61}},{"start":{"line":8,"column":65},"end":{"line":8,"column":84}}]},"2":{"loc":{"start":{"line":16,"column":6},"end":{"line":23,"column":7}},"type":"if","locations":[{"start":{"line":16,"column":6},"end":{"line":23,"column":7}}]},"3":{"loc":{"start":{"line":16,"column":10},"end":{"line":16,"column":87}},"type":"binary-expr","locations":[{"start":{"line":16,"column":10},"end":{"line":16,"column":32}},{"start":{"line":16,"column":36},"end":{"line":16,"column":63}},{"start":{"line":16,"column":67},"end":{"line":16,"column":87}}]}},"s":{"0":0,"1":0,"2":0,"3":0,"4":0,"5":0,"6":0,"7":0,"8":0,"9":0},"f":{"0":0,"1":0},"b":{"0":[0],"1":[0,0,0],"2":[0],"3":[0,0,0]}}
,"/Users/tarciorocha/Documents/study/mmd-guilda-tdd/src/domain/entities/user.ts": {"path":"/Users/tarciorocha/Documents/study/mmd-guilda-tdd/src/domain/entities/user.ts","statementMap":{"0":{"start":{"line":8,"column":4},"end":{"line":8,"column":null}},"1":{"start":{"line":9,"column":4},"end":{"line":9,"column":null}},"2":{"start":{"line":13,"column":4},"end":{"line":13,"column":null}},"3":{"start":{"line":3,"column":0},"end":{"line":3,"column":13}}},"fnMap":{"0":{"name":"(anonymous_0)","decl":{"start":{"line":7,"column":2},"end":{"line":7,"column":15}},"loc":{"start":{"line":7,"column":53},"end":{"line":10,"column":3}}},"1":{"name":"(anonymous_1)","decl":{"start":{"line":12,"column":2},"end":{"line":12,"column":16}},"loc":{"start":{"line":12,"column":16},"end":{"line":14,"column":3}}}},"branchMap":{"0":{"loc":{"start":{"line":13,"column":11},"end":{"line":13,"column":68}},"type":"binary-expr","locations":[{"start":{"line":13,"column":11},"end":{"line":13,"column":37}},{"start":{"line":13,"column":41},"end":{"line":13,"column":68}}]}},"s":{"0":0,"1":0,"2":0,"3":0},"f":{"0":0,"1":0},"b":{"0":[0,0]}}
,"/Users/tarciorocha/Documents/study/mmd-guilda-tdd/src/domain/use-cases/cancel-order.use-case.ts": {"path":"/Users/tarciorocha/Documents/study/mmd-guilda-tdd/src/domain/use-cases/cancel-order.use-case.ts","statementMap":{"0":{"start":{"line":7,"column":21},"end":{"line":7,"column":55}},"1":{"start":{"line":8,"column":21},"end":{"line":8,"column":65}},"2":{"start":{"line":12,"column":17},"end":{"line":12,"column":76}},"3":{"start":{"line":13,"column":4},"end":{"line":13,"column":null}},"4":{"start":{"line":13,"column":33},"end":{"line":13,"column":null}},"5":{"start":{"line":14,"column":4},"end":{"line":14,"column":72}},"6":{"start":{"line":5,"column":0},"end":{"line":5,"column":13}}},"fnMap":{"0":{"name":"(anonymous_0)","decl":{"start":{"line":6,"column":2},"end":{"line":6,"column":null}},"loc":{"start":{"line":8,"column":65},"end":{"line":9,"column":6}}},"1":{"name":"(anonymous_1)","decl":{"start":{"line":11,"column":2},"end":{"line":11,"column":7}},"loc":{"start":{"line":11,"column":58},"end":{"line":15,"column":3}}}},"branchMap":{"0":{"loc":{"start":{"line":13,"column":4},"end":{"line":13,"column":null}},"type":"if","locations":[{"start":{"line":13,"column":4},"end":{"line":13,"column":null}}]}},"s":{"0":0,"1":0,"2":0,"3":0,"4":0,"5":0,"6":0},"f":{"0":0,"1":0},"b":{"0":[0]}}
}
